\BOOKMARK [1][-]{section*.1}{Course\040Background}{}% 1
\BOOKMARK [1][-]{section*.3}{Learning\040Objectives\040and\040Relevant\040Course\040Activities}{}% 2
\BOOKMARK [2][-]{subsection*.5}{Generate\040Creative\040New\040Ideas}{section*.3}% 3
\BOOKMARK [3][-]{subsubsection*.7}{Relevant\040Course\040Activities}{subsection*.5}% 4
\BOOKMARK [2][-]{subsection*.9}{Understand\040Customers\040and\040Competitive\040Contexts}{section*.3}% 5
\BOOKMARK [3][-]{subsubsection*.11}{Relevant\040Course\040Activities}{subsection*.9}% 6
\BOOKMARK [2][-]{subsection*.13}{Formulate\040and\040Prioritize\040Hypotheses}{section*.3}% 7
\BOOKMARK [3][-]{subsubsection*.15}{Relevant\040Course\040Activities}{subsection*.13}% 8
\BOOKMARK [2][-]{subsection*.17}{Create\040Elegant\040Solutions}{section*.3}% 9
\BOOKMARK [3][-]{subsubsection*.19}{Relevant\040Course\040Activities}{subsection*.17}% 10
\BOOKMARK [2][-]{subsection*.21}{Validate\040Entrepreneurial\040Opportunities}{section*.3}% 11
\BOOKMARK [3][-]{subsubsection*.23}{Relevant\040Course\040Activities}{subsection*.21}% 12
\BOOKMARK [1][-]{section*.25}{Discussion\040of\040Course\040Activities}{}% 13
\BOOKMARK [1][-]{section*.27}{Assessments\040of\040Student\040Learning}{}% 14
\BOOKMARK [1][-]{section*.29}{Student\040Achievement\040of\040Learning\040Outcomes}{}% 15
\BOOKMARK [2][-]{subsection*.31}{Generate\040Creative\040New\040Ideas}{section*.29}% 16
\BOOKMARK [2][-]{subsection*.33}{Understand\040Customers\040and\040Competitive\040Contexts}{section*.29}% 17
\BOOKMARK [2][-]{subsection*.35}{Formulate\040and\040Prioritize\040Hypotheses}{section*.29}% 18
\BOOKMARK [2][-]{subsection*.37}{Create\040Elegant\040Solutions}{section*.29}% 19
\BOOKMARK [2][-]{subsection*.39}{Validate\040Entrepreneurial\040Opportunities}{section*.29}% 20
\BOOKMARK [1][-]{section*.41}{Plans\040for\040Improvement}{}% 21
\BOOKMARK [1][-]{section*.43}{Conclusion}{}% 22
\BOOKMARK [0][-]{chapter*.45}{Appendix}{}% 23
\BOOKMARK [1][-]{section*.46}{Idea\040Log\040Prompt}{chapter*.45}% 24
